Change Component Designator: Old Designator=C17 New Designator=C6
Change Component Designator: Old Designator=C18 New Designator=C7
Change Component Designator: Old Designator=C19 New Designator=C8
Change Component Designator: Old Designator=D6 New Designator=D2
Change Component Designator: Old Designator=D7 New Designator=D3
Change Component Designator: Old Designator=D8 New Designator=D4
Change Component Designator: Old Designator=D9 New Designator=D5
Change Component Designator: Old Designator=D10 New Designator=D6
Change Component Designator: Old Designator=D11 New Designator=D7
Change Component Designator: Old Designator=D12 New Designator=D8
Change Component Designator: Old Designator=D13 New Designator=D9
Change Component Designator: Old Designator=D14 New Designator=D10
Change Component Designator: Old Designator=D15 New Designator=D11
Change Component Designator: Old Designator=D16 New Designator=D12
Change Component Designator: Old Designator=D17 New Designator=D13
Change Component Designator: Old Designator=D18 New Designator=D14
Change Component Designator: Old Designator=D19 New Designator=D15
Change Component Designator: Old Designator=D20 New Designator=D16
Change Component Designator: Old Designator=D21 New Designator=D17
Change Component Designator: Old Designator=D22 New Designator=D18
Change Component Designator: Old Designator=D23 New Designator=D19
Change Component Designator: Old Designator=D24 New Designator=D20
Change Component Designator: Old Designator=D25 New Designator=D21
Change Component Designator: Old Designator=D26 New Designator=D22
Change Component Designator: Old Designator=D27 New Designator=D23
Change Component Designator: Old Designator=R32 New Designator=R6
Change Component Designator: Old Designator=R33 New Designator=R7
Change Component Designator: Old Designator=R34 New Designator=R8
Change Component Designator: Old Designator=R35 New Designator=R9
Change Component Designator: Old Designator=R36 New Designator=R10
Change Component Designator: Old Designator=R37 New Designator=R11
Change Component Designator: Old Designator=R38 New Designator=R12
Change Component Designator: Old Designator=R39 New Designator=R13
Change Component Designator: Old Designator=R40 New Designator=R14
Change Component Designator: Old Designator=R41 New Designator=R15
Change Component Designator: Old Designator=R42 New Designator=R16
Change Component Designator: Old Designator=R43 New Designator=R17
Change Component Designator: Old Designator=R44 New Designator=R18
Change Component Designator: Old Designator=R45 New Designator=R19
Change Component Designator: Old Designator=R46 New Designator=R20
Change Component Designator: Old Designator=R47 New Designator=R21
Change Component Designator: Old Designator=R48 New Designator=R22
Change Component Designator: Old Designator=R49 New Designator=R23
Change Component Designator: Old Designator=R50 New Designator=R24
Change Component Designator: Old Designator=R51 New Designator=R25
Change Component Designator: Old Designator=R52 New Designator=R26
Change Component Designator: Old Designator=R53 New Designator=R27
Change Component Designator: Old Designator=TP19 New Designator=TP5
Change Component Designator: Old Designator=TP20 New Designator=TP6
Change Component Designator: Old Designator=TP21 New Designator=TP7
Change Component Designator: Old Designator=TP22 New Designator=TP8
Change Component Designator: Old Designator=U14 New Designator=U3
Change Component Designator: Old Designator=U14 New Designator=U3
Change Component Designator: Old Designator=U15 New Designator=U4
Change Component Designator: Old Designator=U16 New Designator=U5
Change Component Designator: Old Designator=U17 New Designator=U6
