Removed Pin From Net: NetName=GND Pin=C1-2
Removed Pin From Net: NetName=GND Pin=C2-2
Removed Pin From Net: NetName=GND Pin=C3-2
Removed Pin From Net: NetName=GND Pin=C4-2
Removed Pin From Net: NetName=GND Pin=C5-2
Removed Pin From Net: NetName=GND Pin=C6-2
Removed Pin From Net: NetName=GND Pin=C7-1
Removed Pin From Net: NetName=GND Pin=C8-2
Removed Pin From Net: NetName=GND Pin=C9-2
Removed Pin From Net: NetName=GND Pin=C10-2
Removed Pin From Net: NetName=GND Pin=C11-2
Removed Pin From Net: NetName=GND Pin=C24-1
Removed Pin From Net: NetName=GND Pin=C25-1
Removed Pin From Net: NetName=+5 Pin=C25-2
Removed Pin From Net: NetName=GND Pin=C27-2
Removed Pin From Net: NetName=GND Pin=C28_SHDN_INPUT_PROTECTION1-2
Removed Pin From Net: NetName=GND Pin=C28_SHDN_INPUT_PROTECTION2-2
Removed Pin From Net: NetName=GND Pin=C28_SHDN_INPUT_PROTECTION3-2
Removed Pin From Net: NetName=GND Pin=C28_SHDN_INPUT_PROTECTION4-2
Removed Pin From Net: NetName=GND Pin=C28_SHDN_INPUT_PROTECTION5-2
Removed Pin From Net: NetName=GND Pin=C28_SHDN_INPUT_PROTECTION6-2
Removed Pin From Net: NetName=GND Pin=C28_SHDN_INPUT_PROTECTION7-2
Removed Pin From Net: NetName=GND Pin=C28_SHDN_INPUT_PROTECTION8-2
Removed Pin From Net: NetName=GND Pin=C28_SHDN_INPUT_PROTECTION9-2
Removed Pin From Net: NetName=GND Pin=C28_SHDN_INPUT_PROTECTION10-2
Removed Pin From Net: NetName=GND Pin=C28_SHDN_INPUT_PROTECTION11-2
Removed Pin From Net: NetName=GND Pin=C28_SHDN_INPUT_PROTECTION12-2
Removed Pin From Net: NetName=GND Pin=C28_SHDN_INPUT_PROTECTION13-2
Removed Pin From Net: NetName=GND Pin=C28_SHDN_INPUT_PROTECTION14-2
Removed Pin From Net: NetName=GND Pin=C28_SHDN_INPUT_PROTECTION15-2
Removed Pin From Net: NetName=GND Pin=C28_SHDN_INPUT_PROTECTION16-2
Removed Pin From Net: NetName=GND Pin=C28_SHDN_INPUT_PROTECTION17-2
Removed Pin From Net: NetName=GND Pin=C28_SHDN_INPUT_PROTECTION18-2
Removed Pin From Net: NetName=GND Pin=D1-2
Removed Pin From Net: NetName=GND Pin=D2-1
Removed Pin From Net: NetName=GND Pin=D3-2
Removed Pin From Net: NetName=GND Pin=D4-2
Removed Pin From Net: NetName=+5 Pin=D33-1
Removed Pin From Net: NetName=GND Pin=D33-2
Removed Pin From Net: NetName=GND Pin=D34-1
Removed Pin From Net: NetName=GND Pin=D35-1
Removed Pin From Net: NetName=GND Pin=D36-1
Removed Pin From Net: NetName=GND Pin=D37-2
Removed Pin From Net: NetName=GND Pin=D38_SHDN_SEG1-1
Removed Pin From Net: NetName=GND Pin=D38_SHDN_SEG2-1
Removed Pin From Net: NetName=GND Pin=D38_SHDN_SEG3-1
Removed Pin From Net: NetName=GND Pin=D38_SHDN_SEG4-1
Removed Pin From Net: NetName=GND Pin=D38_SHDN_SEG5-1
Removed Pin From Net: NetName=GND Pin=D39_SHDN_INPUT_PROTECTION1-1
Removed Pin From Net: NetName=GND Pin=D39_SHDN_INPUT_PROTECTION2-1
Removed Pin From Net: NetName=GND Pin=D39_SHDN_INPUT_PROTECTION3-1
Removed Pin From Net: NetName=GND Pin=D39_SHDN_INPUT_PROTECTION4-1
Removed Pin From Net: NetName=GND Pin=D39_SHDN_INPUT_PROTECTION5-1
Removed Pin From Net: NetName=GND Pin=D39_SHDN_INPUT_PROTECTION6-1
Removed Pin From Net: NetName=GND Pin=D39_SHDN_INPUT_PROTECTION7-1
Removed Pin From Net: NetName=GND Pin=D39_SHDN_INPUT_PROTECTION8-1
Removed Pin From Net: NetName=GND Pin=D39_SHDN_INPUT_PROTECTION9-1
Removed Pin From Net: NetName=GND Pin=D39_SHDN_INPUT_PROTECTION10-1
Removed Pin From Net: NetName=GND Pin=D39_SHDN_INPUT_PROTECTION11-1
Removed Pin From Net: NetName=GND Pin=D39_SHDN_INPUT_PROTECTION12-1
Removed Pin From Net: NetName=GND Pin=D39_SHDN_INPUT_PROTECTION13-1
Removed Pin From Net: NetName=GND Pin=D39_SHDN_INPUT_PROTECTION14-1
Removed Pin From Net: NetName=GND Pin=D39_SHDN_INPUT_PROTECTION15-1
Removed Pin From Net: NetName=GND Pin=D39_SHDN_INPUT_PROTECTION16-1
Removed Pin From Net: NetName=GND Pin=D39_SHDN_INPUT_PROTECTION17-1
Removed Pin From Net: NetName=GND Pin=D39_SHDN_INPUT_PROTECTION18-1
Removed Pin From Net: NetName=GND Pin=DS5-2
Removed Pin From Net: NetName=GND Pin=DS10-2
Removed Pin From Net: NetName=GND Pin=DS11_SHDN_SEG1-2
Removed Pin From Net: NetName=GND Pin=DS11_SHDN_SEG2-2
Removed Pin From Net: NetName=GND Pin=DS11_SHDN_SEG3-2
Removed Pin From Net: NetName=GND Pin=DS11_SHDN_SEG4-2
Removed Pin From Net: NetName=GND Pin=DS11_SHDN_SEG5-2
Removed Pin From Net: NetName=GND Pin=J1_SHDN_SEG1-12
Removed Pin From Net: NetName=GND Pin=J1_SHDN_SEG2-12
Removed Pin From Net: NetName=GND Pin=J1_SHDN_SEG3-12
Removed Pin From Net: NetName=GND Pin=J1_SHDN_SEG4-12
Removed Pin From Net: NetName=GND Pin=J1_SHDN_SEG5-12
Removed Pin From Net: NetName=GND Pin=J-A2
Removed Pin From Net: NetName=CAN_P Pin=J-A3
Removed Pin From Net: NetName=CAN_N Pin=J-A4
Removed Pin From Net: NetName=GND Pin=Q2_SHDN_SEG1-2
Removed Pin From Net: NetName=GND Pin=Q2_SHDN_SEG2-2
Removed Pin From Net: NetName=GND Pin=Q2_SHDN_SEG3-2
Removed Pin From Net: NetName=GND Pin=Q2_SHDN_SEG4-2
Removed Pin From Net: NetName=GND Pin=Q2_SHDN_SEG5-2
Removed Pin From Net: NetName=GND Pin=Q4-2
Removed Pin From Net: NetName=GND Pin=R1-1
Removed Pin From Net: NetName=+5 Pin=R2-2
Removed Pin From Net: NetName=GND Pin=R3-1
Removed Pin From Net: NetName=+5 Pin=R5-2
Removed Pin From Net: NetName=GND Pin=R7-1
Removed Pin From Net: NetName=+5 Pin=R8-2
Removed Pin From Net: NetName=GND Pin=R9-1
Removed Pin From Net: NetName=+5 Pin=R10-2
Removed Pin From Net: NetName=GND Pin=R11-1
Removed Pin From Net: NetName=+5 Pin=R14-2
Removed Pin From Net: NetName=GND Pin=R15-1
Removed Pin From Net: NetName=+5 Pin=R16-2
Removed Pin From Net: NetName=GND Pin=R17-1
Removed Pin From Net: NetName=+5 Pin=R18-2
Removed Pin From Net: NetName=GND Pin=R19-1
Removed Pin From Net: NetName=+5 Pin=R20-2
Removed Pin From Net: NetName=+5 Pin=R21-2
Removed Pin From Net: NetName=+5 Pin=R22-2
Removed Pin From Net: NetName=+5 Pin=R23-2
Removed Pin From Net: NetName=+5 Pin=R24-2
Removed Pin From Net: NetName=GND Pin=R26-1
Removed Pin From Net: NetName=GND Pin=R54-1
Removed Pin From Net: NetName=+5 Pin=R61-2
Removed Pin From Net: NetName=GND Pin=R62-1
Removed Pin From Net: NetName=GND Pin=R64-1
Removed Pin From Net: NetName=+5 Pin=R64-2
Removed Pin From Net: NetName=+5 Pin=R65_SHDN_SEG1-1
Removed Pin From Net: NetName=+5 Pin=R65_SHDN_SEG2-1
Removed Pin From Net: NetName=+5 Pin=R65_SHDN_SEG3-1
Removed Pin From Net: NetName=+5 Pin=R65_SHDN_SEG4-1
Removed Pin From Net: NetName=+5 Pin=R65_SHDN_SEG5-1
Removed Pin From Net: NetName=GND Pin=R67_SHDN_INPUT_PROTECTION1-1
Removed Pin From Net: NetName=GND Pin=R67_SHDN_INPUT_PROTECTION2-1
Removed Pin From Net: NetName=GND Pin=R67_SHDN_INPUT_PROTECTION3-1
Removed Pin From Net: NetName=GND Pin=R67_SHDN_INPUT_PROTECTION4-1
Removed Pin From Net: NetName=GND Pin=R67_SHDN_INPUT_PROTECTION5-1
Removed Pin From Net: NetName=GND Pin=R67_SHDN_INPUT_PROTECTION6-1
Removed Pin From Net: NetName=GND Pin=R67_SHDN_INPUT_PROTECTION7-1
Removed Pin From Net: NetName=GND Pin=R67_SHDN_INPUT_PROTECTION8-1
Removed Pin From Net: NetName=GND Pin=R67_SHDN_INPUT_PROTECTION9-1
Removed Pin From Net: NetName=GND Pin=R67_SHDN_INPUT_PROTECTION10-1
Removed Pin From Net: NetName=GND Pin=R67_SHDN_INPUT_PROTECTION11-1
Removed Pin From Net: NetName=GND Pin=R67_SHDN_INPUT_PROTECTION12-1
Removed Pin From Net: NetName=GND Pin=R67_SHDN_INPUT_PROTECTION13-1
Removed Pin From Net: NetName=GND Pin=R67_SHDN_INPUT_PROTECTION14-1
Removed Pin From Net: NetName=GND Pin=R67_SHDN_INPUT_PROTECTION15-1
Removed Pin From Net: NetName=GND Pin=R67_SHDN_INPUT_PROTECTION16-1
Removed Pin From Net: NetName=GND Pin=R67_SHDN_INPUT_PROTECTION17-1
Removed Pin From Net: NetName=GND Pin=R67_SHDN_INPUT_PROTECTION18-1
Removed Pin From Net: NetName=GND Pin=SW1-3
Removed Pin From Net: NetName=GND Pin=SW1-4
Removed Pin From Net: NetName=+5 Pin=TP29-1
Removed Pin From Net: NetName=GND Pin=U1-4
Removed Pin From Net: NetName=+5 Pin=U1-8
Removed Pin From Net: NetName=GND Pin=U2-2
Removed Pin From Net: NetName=+5 Pin=U2-5
Removed Pin From Net: NetName=GND Pin=U3-3
Removed Pin From Net: NetName=+5 Pin=U3-5
Removed Pin From Net: NetName=GND Pin=U4-3
Removed Pin From Net: NetName=+5 Pin=U4-5
Removed Pin From Net: NetName=GND Pin=U5-2
Removed Pin From Net: NetName=+5 Pin=U5-5
Removed Pin From Net: NetName=GND Pin=U6-4
Removed Pin From Net: NetName=+5 Pin=U6-8
Removed Pin From Net: NetName=GND Pin=U7-3
Removed Pin From Net: NetName=+5 Pin=U7-5
Removed Pin From Net: NetName=GND Pin=U8-3
Removed Pin From Net: NetName=+5 Pin=U8-5
Removed Pin From Net: NetName=GND Pin=U9-4
Removed Pin From Net: NetName=GND Pin=U9-5
Removed Pin From Net: NetName=+5 Pin=U9-8
Removed Pin From Net: NetName=GND Pin=U10-3
Removed Pin From Net: NetName=+5 Pin=U10-5
Removed Pin From Net: NetName=GND Pin=U11-4
Removed Pin From Net: NetName=+5 Pin=U11-8
Removed Pin From Net: NetName=+5 Pin=U19-3
Removed Pin From Net: NetName=GND Pin=U19-4
Removed Pin From Net: NetName=+5 Pin=U20-1
Removed Pin From Net: NetName=GND Pin=U20-3
Removed Pin From Net: NetName=+5 Pin=U20-5
Removed Pin From Net: NetName=GND Pin=U21-3
Removed Pin From Net: NetName=+5 Pin=U21-5
Removed Pin From Net: NetName=+5 Pin=VR1-1
Removed Pin From Net: NetName=GND Pin=VR1-3
Removed Pin From Net: NetName=+5 Pin=VR2-1
Removed Pin From Net: NetName=GND Pin=VR2-3
Removed Pin From Net: NetName=+5 Pin=VR3-1
Removed Pin From Net: NetName=GND Pin=VR3-3
Removed Pin From Net: NetName=+5 Pin=VR4-1
Removed Pin From Net: NetName=GND Pin=VR4-3
Removed Pin From Net: NetName=+5 Pin=VR5-1
Removed Pin From Net: NetName=GND Pin=VR5-3
Removed Pin From Net: NetName=+5 Pin=VR6-1
Removed Pin From Net: NetName=GND Pin=VR6-3
Removed Pin From Net: NetName=+5 Pin=VR7-1
Removed Pin From Net: NetName=GND Pin=VR7-3
Removed Pin From Net: NetName=+5 Pin=VR8-1
Change Component Footprint: Designator=P3 Old Footprint=HDR1X2 New Footprint=HDR1X14
Change Component Comment : Designator=P3 Old Comment=Header 2 New Comment=Header 14
Change Component Designator: OldDesignator=C12 NewDesignator=C1
Change Component Designator: OldDesignator=C13 NewDesignator=C2
Change Component Designator: OldDesignator=C14 NewDesignator=C3
Change Component Designator: OldDesignator=C15 NewDesignator=C4
Change Component Designator: OldDesignator=C16 NewDesignator=C5
Change Component Designator: OldDesignator=C17 NewDesignator=C6
Change Component Designator: OldDesignator=C18 NewDesignator=C7
Change Component Designator: OldDesignator=C19 NewDesignator=C8
Change Component Designator: OldDesignator=C20 NewDesignator=C9
Change Component Designator: OldDesignator=C21 NewDesignator=C10
Change Component Designator: OldDesignator=C22 NewDesignator=C11
Change Component Designator: OldDesignator=C23 NewDesignator=C12
Change Component Designator: OldDesignator=D5 NewDesignator=D1
Change Component Designator: OldDesignator=D6 NewDesignator=D2
Change Component Designator: OldDesignator=D7 NewDesignator=D3
Change Component Designator: OldDesignator=D8 NewDesignator=D4
Change Component Designator: OldDesignator=D9 NewDesignator=D5
Change Component Designator: OldDesignator=D10 NewDesignator=D6
Change Component Designator: OldDesignator=D11 NewDesignator=D7
Change Component Designator: OldDesignator=D12 NewDesignator=D8
Change Component Designator: OldDesignator=D13 NewDesignator=D9
Change Component Designator: OldDesignator=D14 NewDesignator=D10
Change Component Designator: OldDesignator=D15 NewDesignator=D11
Change Component Designator: OldDesignator=D16 NewDesignator=D12
Change Component Designator: OldDesignator=D17 NewDesignator=D13
Change Component Designator: OldDesignator=D18 NewDesignator=D14
Change Component Designator: OldDesignator=D19 NewDesignator=D15
Change Component Designator: OldDesignator=D20 NewDesignator=D16
Change Component Designator: OldDesignator=D21 NewDesignator=D17
Change Component Designator: OldDesignator=D22 NewDesignator=D18
Change Component Designator: OldDesignator=D23 NewDesignator=D19
Change Component Designator: OldDesignator=D24 NewDesignator=D20
Change Component Designator: OldDesignator=D25 NewDesignator=D21
Change Component Designator: OldDesignator=D26 NewDesignator=D22
Change Component Designator: OldDesignator=D27 NewDesignator=D23
Change Component Designator: OldDesignator=DS6 NewDesignator=DS1
Change Component Designator: OldDesignator=DS7 NewDesignator=DS2
Change Component Designator: OldDesignator=DS8 NewDesignator=DS3
Change Component Designator: OldDesignator=DS9 NewDesignator=DS4
Change Component Designator: OldDesignator=R27 NewDesignator=R1
Change Component Designator: OldDesignator=R28 NewDesignator=R2
Change Component Designator: OldDesignator=R29 NewDesignator=R3
Change Component Designator: OldDesignator=R30 NewDesignator=R4
Change Component Designator: OldDesignator=R31 NewDesignator=R5
Change Component Designator: OldDesignator=R32 NewDesignator=R6
Change Component Designator: OldDesignator=R33 NewDesignator=R7
Change Component Designator: OldDesignator=R34 NewDesignator=R8
Change Component Designator: OldDesignator=R35 NewDesignator=R9
Change Component Designator: OldDesignator=R36 NewDesignator=R10
Change Component Designator: OldDesignator=R37 NewDesignator=R11
Change Component Designator: OldDesignator=R38 NewDesignator=R12
Change Component Designator: OldDesignator=R39 NewDesignator=R13
Change Component Designator: OldDesignator=R40 NewDesignator=R14
Change Component Designator: OldDesignator=R41 NewDesignator=R15
Change Component Designator: OldDesignator=R42 NewDesignator=R16
Change Component Designator: OldDesignator=R43 NewDesignator=R17
Change Component Designator: OldDesignator=R44 NewDesignator=R18
Change Component Designator: OldDesignator=R45 NewDesignator=R19
Change Component Designator: OldDesignator=R46 NewDesignator=R20
Change Component Designator: OldDesignator=R47 NewDesignator=R21
Change Component Designator: OldDesignator=R48 NewDesignator=R22
Change Component Designator: OldDesignator=R49 NewDesignator=R23
Change Component Designator: OldDesignator=R50 NewDesignator=R24
Change Component Designator: OldDesignator=R51 NewDesignator=R25
Change Component Designator: OldDesignator=R52 NewDesignator=R26
Change Component Designator: OldDesignator=R53 NewDesignator=R27
Change Component Designator: OldDesignator=R58 NewDesignator=R28
Change Component Designator: OldDesignator=R59 NewDesignator=R29
Change Component Designator: OldDesignator=R60 NewDesignator=R30
Change Component Designator: OldDesignator=SW2 NewDesignator=SW1
Change Component Designator: OldDesignator=TP16 NewDesignator=TP1
Change Component Designator: OldDesignator=TP17 NewDesignator=TP3
Change Component Designator: OldDesignator=TP18 NewDesignator=TP4
Change Component Designator: OldDesignator=TP19 NewDesignator=TP5
Change Component Designator: OldDesignator=TP20 NewDesignator=TP6
Change Component Designator: OldDesignator=TP21 NewDesignator=TP7
Change Component Designator: OldDesignator=TP22 NewDesignator=TP8
Change Component Designator: OldDesignator=TP23 NewDesignator=TP9
Change Component Designator: OldDesignator=TP24 NewDesignator=TP10
Change Component Designator: OldDesignator=TP25 NewDesignator=TP11
Change Component Designator: OldDesignator=TP26 NewDesignator=TP12
Change Component Designator: OldDesignator=TP27 NewDesignator=TP13
Change Component Designator: OldDesignator=TP NewDesignator=TP2
Change Component Designator: OldDesignator=U12 NewDesignator=U1
Change Component Designator: OldDesignator=U13 NewDesignator=U2
Change Component Designator: OldDesignator=U14 NewDesignator=U3
Change Component Designator: OldDesignator=U15 NewDesignator=U4
Change Component Designator: OldDesignator=U16 NewDesignator=U5
Change Component Designator: OldDesignator=U17 NewDesignator=U6
Change Component Designator: OldDesignator=U18 NewDesignator=U7
Change Component Designator: OldDesignator=Z NewDesignator=Z1
Change Component Designator: OldDesignator=Z NewDesignator=Z2
Added Component: Designator=P4(HDR1X14)
Add component. Clean all parameters for all variants
Add component (AddParameter): Name = "LatestRevisionDate"; Value = "17-Jul-2002"; VariantName = "[No Variations]"
Add component (AddParameter): Name = "LatestRevisionNote"; Value = "Re-released for DXP Platform."; VariantName = "[No Variations]"
Add component (AddParameter): Name = "Publisher"; Value = "Altium Limited"; VariantName = "[No Variations]"
Added Pin To Net: NetName=GND Pin=P3-2
Added Pin To Net: NetName=CAN_P Pin=P3-3
Added Pin To Net: NetName=CAN_N Pin=P3-4
Added Pin To Net: NetName=BRK_PRS_IN_SENSE Pin=P4-2
Added Pin To Net: NetName=BRK_PRS_IN_SENSE Pin=R16-1
Added Net: Name=BRK_PRS_IN_SENSE
Added Pin To Net: NetName=LEM_IN_SENSE Pin=P4-3
Added Pin To Net: NetName=LEM_IN_SENSE Pin=R17-1
Added Net: Name=LEM_IN_SENSE
Added Pin To Net: NetName=SHDN_BRAKE_OVERTRAVEL Pin=P4-4
Added Pin To Net: NetName=SHDN_BRAKE_OVERTRAVEL Pin=R27-1
Added Net: Name=SHDN_BRAKE_OVERTRAVEL
Added Pin To Net: NetName=SHDN_BSPD_TEST_SENSE Pin=P4-1
Added Pin To Net: NetName=SHDN_BSPD_TEST_SENSE Pin=R18-1
Added Net: Name=SHDN_BSPD_TEST_SENSE
Added Pin To Net: NetName=SHDN_DASH_INERTIA Pin=P4-5
Added Pin To Net: NetName=SHDN_DASH_INERTIA Pin=R26-1
Added Net: Name=SHDN_DASH_INERTIA
Added Pin To Net: NetName=SHDN_ESTOP_DASH Pin=P4-6
Added Pin To Net: NetName=SHDN_ESTOP_DASH Pin=R25-1
Added Net: Name=SHDN_ESTOP_DASH
Added Pin To Net: NetName=SHDN_ESTOP_LEFT Pin=P4-8
Added Pin To Net: NetName=SHDN_ESTOP_LEFT Pin=R23-1
Added Net: Name=SHDN_ESTOP_LEFT
Added Pin To Net: NetName=SHDN_ESTOP_RIGHT Pin=P4-7
Added Pin To Net: NetName=SHDN_ESTOP_RIGHT Pin=R24-1
Added Net: Name=SHDN_ESTOP_RIGHT
Added Pin To Net: NetName=SHDN_INPUT_BMS Pin=P3-12
Added Pin To Net: NetName=SHDN_INPUT_BMS Pin=R8-1
Added Net: Name=SHDN_INPUT_BMS
Added Pin To Net: NetName=SHDN_INPUT_BSPD Pin=P3-14
Added Pin To Net: NetName=SHDN_INPUT_BSPD Pin=R10-1
Added Net: Name=SHDN_INPUT_BSPD
Added Pin To Net: NetName=SHDN_INPUT_HVD Pin=P3-10
Added Pin To Net: NetName=SHDN_INPUT_HVD Pin=R6-1
Added Net: Name=SHDN_INPUT_HVD
Added Pin To Net: NetName=SHDN_INPUT_IMD Pin=P3-11
Added Pin To Net: NetName=SHDN_INPUT_IMD Pin=R7-1
Added Net: Name=SHDN_INPUT_IMD
Added Pin To Net: NetName=SHDN_INPUT_PDOC Pin=P3-13
Added Pin To Net: NetName=SHDN_INPUT_PDOC Pin=R9-1
Added Net: Name=SHDN_INPUT_PDOC
Added Pin To Net: NetName=SHDN_SENSE_BMS Pin=P3-7
Added Pin To Net: NetName=SHDN_SENSE_BMS Pin=R13-1
Added Net: Name=SHDN_SENSE_BMS
Added Pin To Net: NetName=SHDN_SENSE_BSPD Pin=P3-9
Added Pin To Net: NetName=SHDN_SENSE_BSPD Pin=R15-1
Added Net: Name=SHDN_SENSE_BSPD
Added Pin To Net: NetName=SHDN_SENSE_HVD Pin=P3-5
Added Pin To Net: NetName=SHDN_SENSE_HVD Pin=R11-1
Added Net: Name=SHDN_SENSE_HVD
Added Pin To Net: NetName=SHDN_SENSE_IMD Pin=P3-6
Added Pin To Net: NetName=SHDN_SENSE_IMD Pin=R12-1
Added Net: Name=SHDN_SENSE_IMD
Added Pin To Net: NetName=SHDN_SENSE_PDOC Pin=P3-8
Added Pin To Net: NetName=SHDN_SENSE_PDOC Pin=R14-1
Added Net: Name=SHDN_SENSE_PDOC
Added Pin To Net: NetName=SHDN_UPRIGHT_BL Pin=P4-10
Added Pin To Net: NetName=SHDN_UPRIGHT_BL Pin=R19-1
Added Net: Name=SHDN_UPRIGHT_BL
Added Pin To Net: NetName=SHDN_UPRIGHT_BR Pin=P4-9
Added Pin To Net: NetName=SHDN_UPRIGHT_BR Pin=R20-1
Added Net: Name=SHDN_UPRIGHT_BR
Added Pin To Net: NetName=SHDN_UPRIGHT_FL Pin=P4-12
Added Pin To Net: NetName=SHDN_UPRIGHT_FL Pin=R21-1
Added Net: Name=SHDN_UPRIGHT_FL
Added Pin To Net: NetName=SHDN_UPRIGHT_FR Pin=P4-11
Added Pin To Net: NetName=SHDN_UPRIGHT_FR Pin=R22-1
Added Net: Name=SHDN_UPRIGHT_FR
Added Class: Name=Master
Added Member To Class: ClassName=MCU Member=Component Z2 LogicAnalyzerBreakOut
Change Room Name: Old Name=SHDN_INPUT_PROTECTION14 New Name=Master
Change Room Scope: Old Scope=InComponentClass('SHDN_INPUT_PROTECTION14') New Scope=InComponentClass('Master')
