Change Component Designator: Old Designator=Q3 New Designator=Q1
Change Component Designator: Old Designator=Q4 New Designator=Q2
Change Component Designator: Old Designator=R11 New Designator=R12
Change Component Designator: Old Designator=R12 New Designator=R11
Change Component Designator: Old Designator=R14 New Designator=R15
Change Component Designator: Old Designator=R15 New Designator=R16
Change Component Designator: Old Designator=R16 New Designator=R17
Change Component Designator: Old Designator=R17 New Designator=R18
Change Component Designator: Old Designator=R18 New Designator=R19
Change Component Designator: Old Designator=R19 New Designator=R20
Change Component Designator: Old Designator=R20 New Designator=R21
Change Component Designator: Old Designator=R21 New Designator=R22
Change Component Designator: Old Designator=R22 New Designator=R23
Change Component Designator: Old Designator=R23 New Designator=R24
Change Component Designator: Old Designator=R24 New Designator=R25
Change Component Designator: Old Designator=R25 New Designator=R26
Change Component Designator: Old Designator=R26 New Designator=R27
Change Component Designator: Old Designator=R54 New Designator=R14
Change Component Designator: Old Designator=TP6 New Designator=TP7
Change Component Designator: Old Designator=TP7 New Designator=TP8
Change Component Designator: Old Designator=TP8 New Designator=TP9
Change Component Designator: Old Designator=TP9 New Designator=TP10
Change Component Designator: Old Designator=TP10 New Designator=TP11
Change Component Designator: Old Designator=TP11 New Designator=TP12
Change Component Designator: Old Designator=TP12 New Designator=TP13
Change Component Designator: Old Designator=TP13 New Designator=TP14
Change Component Designator: Old Designator=TP14 New Designator=TP15
Change Component Designator: Old Designator=TP15 New Designator=TP16
Change Component Designator: Old Designator=TP New Designator=TP6
Change Component Designator: Old Designator=U6 New Designator=U9
Change Component Part ID : Designator=U9 Old Part ID =2 New Part ID =1
Change Component Designator: Old Designator=U9 New Designator=U6
Change Component Part ID : Designator=U6 Old Part ID =1 New Part ID =2
Change Component Designator: Old Designator=U10 New Designator=U11
Change Component Designator: Old Designator=U10 New Designator=U11
Change Component Designator: Old Designator=U11 New Designator=U10
Change Component Designator: Old Designator=U11 New Designator=U10
