Removed Pin From Net: NetName=GND Pin=C16_SHDN_INPUT_PROTECTION1-2
Removed Pin From Net: NetName=GND Pin=C16_SHDN_INPUT_PROTECTION2-2
Removed Pin From Net: NetName=GND Pin=C16_SHDN_INPUT_PROTECTION3-2
Removed Pin From Net: NetName=GND Pin=C16_SHDN_INPUT_PROTECTION4-2
Removed Pin From Net: NetName=GND Pin=C16_SHDN_INPUT_PROTECTION5-2
Removed Pin From Net: NetName=GND Pin=C16_SHDN_INPUT_PROTECTION6-2
Removed Pin From Net: NetName=GND Pin=C16_SHDN_INPUT_PROTECTION7-2
Removed Pin From Net: NetName=GND Pin=C16_SHDN_INPUT_PROTECTION8-2
Removed Pin From Net: NetName=GND Pin=C16_SHDN_INPUT_PROTECTION9-2
Removed Pin From Net: NetName=GND Pin=C16_SHDN_INPUT_PROTECTION10-2
Removed Pin From Net: NetName=GND Pin=C16_SHDN_INPUT_PROTECTION11-2
Removed Pin From Net: NetName=GND Pin=C16_SHDN_INPUT_PROTECTION12-2
Removed Pin From Net: NetName=GND Pin=C16_SHDN_INPUT_PROTECTION13-2
Removed Pin From Net: NetName=GND Pin=C16_SHDN_INPUT_PROTECTION14-2
Removed Pin From Net: NetName=GND Pin=C16_SHDN_INPUT_PROTECTION15-2
Removed Pin From Net: NetName=GND Pin=C16_SHDN_INPUT_PROTECTION16-2
Removed Pin From Net: NetName=GND Pin=C16_SHDN_INPUT_PROTECTION17-2
Removed Pin From Net: NetName=GND Pin=C16_SHDN_INPUT_PROTECTION18-2
Removed Pin From Net: NetName=SHDN_SEG_LATCH Pin=D10-1
Removed Pin From Net: NetName=GND Pin=D10-2
Removed Pin From Net: NetName=GND Pin=D12_SHDN_INPUT_PROTECTION1-1
Removed Pin From Net: NetName=GND Pin=D12_SHDN_INPUT_PROTECTION2-1
Removed Pin From Net: NetName=GND Pin=D12_SHDN_INPUT_PROTECTION3-1
Removed Pin From Net: NetName=GND Pin=D12_SHDN_INPUT_PROTECTION4-1
Removed Pin From Net: NetName=GND Pin=D12_SHDN_INPUT_PROTECTION5-1
Removed Pin From Net: NetName=GND Pin=D12_SHDN_INPUT_PROTECTION6-1
Removed Pin From Net: NetName=GND Pin=D12_SHDN_INPUT_PROTECTION7-1
Removed Pin From Net: NetName=GND Pin=D12_SHDN_INPUT_PROTECTION8-1
Removed Pin From Net: NetName=GND Pin=D12_SHDN_INPUT_PROTECTION9-1
Removed Pin From Net: NetName=GND Pin=D12_SHDN_INPUT_PROTECTION10-1
Removed Pin From Net: NetName=GND Pin=D12_SHDN_INPUT_PROTECTION11-1
Removed Pin From Net: NetName=GND Pin=D12_SHDN_INPUT_PROTECTION12-1
Removed Pin From Net: NetName=GND Pin=D12_SHDN_INPUT_PROTECTION13-1
Removed Pin From Net: NetName=GND Pin=D12_SHDN_INPUT_PROTECTION14-1
Removed Pin From Net: NetName=GND Pin=D12_SHDN_INPUT_PROTECTION15-1
Removed Pin From Net: NetName=GND Pin=D12_SHDN_INPUT_PROTECTION16-1
Removed Pin From Net: NetName=GND Pin=D12_SHDN_INPUT_PROTECTION17-1
Removed Pin From Net: NetName=GND Pin=D12_SHDN_INPUT_PROTECTION18-1
Removed Pin From Net: NetName=STATE_TRIGGER5 Pin=P3-14
Removed Pin From Net: NetName=GND Pin=R34_SHDN_INPUT_PROTECTION1-1
Removed Pin From Net: NetName=GND Pin=R34_SHDN_INPUT_PROTECTION2-1
Removed Pin From Net: NetName=GND Pin=R34_SHDN_INPUT_PROTECTION3-1
Removed Pin From Net: NetName=GND Pin=R34_SHDN_INPUT_PROTECTION4-1
Removed Pin From Net: NetName=GND Pin=R34_SHDN_INPUT_PROTECTION5-1
Removed Pin From Net: NetName=GND Pin=R34_SHDN_INPUT_PROTECTION6-1
Removed Pin From Net: NetName=GND Pin=R34_SHDN_INPUT_PROTECTION7-1
Removed Pin From Net: NetName=GND Pin=R34_SHDN_INPUT_PROTECTION8-1
Removed Pin From Net: NetName=GND Pin=R34_SHDN_INPUT_PROTECTION9-1
Removed Pin From Net: NetName=GND Pin=R34_SHDN_INPUT_PROTECTION10-1
Removed Pin From Net: NetName=GND Pin=R34_SHDN_INPUT_PROTECTION11-1
Removed Pin From Net: NetName=GND Pin=R34_SHDN_INPUT_PROTECTION12-1
Removed Pin From Net: NetName=GND Pin=R34_SHDN_INPUT_PROTECTION13-1
Removed Pin From Net: NetName=GND Pin=R34_SHDN_INPUT_PROTECTION14-1
Removed Pin From Net: NetName=GND Pin=R34_SHDN_INPUT_PROTECTION15-1
Removed Pin From Net: NetName=GND Pin=R34_SHDN_INPUT_PROTECTION16-1
Removed Pin From Net: NetName=GND Pin=R34_SHDN_INPUT_PROTECTION17-1
Removed Pin From Net: NetName=GND Pin=R34_SHDN_INPUT_PROTECTION18-1
Removed Member From Class: ClassName=PWR Member=Q1
Removed Member From Class: ClassName=SHDN_OUT[1..5] Member=SHDN_OUT5
Change Component Footprint: Designator=P3 Old Footprint=HDR1X14 New Footprint=HDR1X16
Change Component Footprint: Designator=P4 Old Footprint=HDR1X14 New Footprint=HDR1X16
Change Component Comment : Designator=P3 Old Comment=Header 14 New Comment=Header 16
Change Component Comment : Designator=P4 Old Comment=Header 14 New Comment=Header 16
Added Component: Designator=D11_SHDN_SEG6(FAIR-DO-214AC-2_V)
Add component. Clean all parameters for all variants
Add component (AddParameter): Name = "Alternate Case Style"; Value = "DO-214AC"; VariantName = "[No Variations]"
Add component (AddParameter): Name = "Current If @ Vf"; Value = "1A"; VariantName = "[No Variations]"
Add component (AddParameter): Name = "Current Ifsm"; Value = "30A"; VariantName = "[No Variations]"
Add component (AddParameter): Name = "Datasheet URL"; Value = "https://datasheet.ciiva.com/4452/s1m-191340-4452980.pdf"; VariantName = "[No Variations]"
Add component (AddParameter): Name = "Datasheet Version"; Value = "Rev. 1.1.2, 10/2013"; VariantName = "[No Variations]"
Add component (AddParameter): Name = "Diode Case Style"; Value = "DO-214AC"; VariantName = "[No Variations]"
Add component (AddParameter): Name = "Diode Configuration"; Value = "Single"; VariantName = "[No Variations]"
Add component (AddParameter): Name = "Diode Polarity"; Value = "Cathode"; VariantName = "[No Variations]"
Add component (AddParameter): Name = "Diode Type"; Value = "StandardRecovery"; VariantName = "[No Variations]"
Add component (AddParameter): Name = "External Depth"; Value = "2.79mm"; VariantName = "[No Variations]"
Add component (AddParameter): Name = "External Length / Height"; Value = "2.44mm"; VariantName = "[No Variations]"
Add component (AddParameter): Name = "External Width"; Value = "5.28mm"; VariantName = "[No Variations]"
Add component (AddParameter): Name = "Forward Current If(AV)"; Value = "1A"; VariantName = "[No Variations]"
Add component (AddParameter): Name = "Forward Surge Current Ifsm Max"; Value = "30A"; VariantName = "[No Variations]"
Add component (AddParameter): Name = "Forward Voltage"; Value = "1V"; VariantName = "[No Variations]"
Add component (AddParameter): Name = "Forward Voltage VF Max"; Value = "1V"; VariantName = "[No Variations]"
Add component (AddParameter): Name = "Junction Temperature Tj Max"; Value = "150degC"; VariantName = "[No Variations]"
Add component (AddParameter): Name = "Manufacturer"; Value = "Fairchild"; VariantName = "[No Variations]"
Add component (AddParameter): Name = "Manufacturer URL"; Value = "https://www.fairchildsemi.com/"; VariantName = "[No Variations]"
Add component (AddParameter): Name = "No. of Pins"; Value = "2"; VariantName = "[No Variations]"
Add component (AddParameter): Name = "Operating Temperature Max"; Value = "150degC"; VariantName = "[No Variations]"
Add component (AddParameter): Name = "Operating Temperature Min"; Value = "-55degC"; VariantName = "[No Variations]"
Add component (AddParameter): Name = "Operating Temperature Range"; Value = "-55degCto+150degC"; VariantName = "[No Variations]"
Add component (AddParameter): Name = "Package / Case"; Value = "SMA"; VariantName = "[No Variations]"
Add component (AddParameter): Name = "Package Description"; Value = "2-Pin Surface Mount Device, Body 4.375 x 2.725 mm"; VariantName = "[No Variations]"
Add component (AddParameter): Name = "Package Reference"; Value = "DO-214AC-2"; VariantName = "[No Variations]"
Add component (AddParameter): Name = "Package URL"; Value = "https://www.fairchildsemi.com/package-drawings/DO/DO214AC.pdf"; VariantName = "[No Variations]"
Add component (AddParameter): Name = "Reel Quantity"; Value = "7500"; VariantName = "[No Variations]"
Add component (AddParameter): Name = "Repetitive Reverse Voltage Vrrm Max"; Value = "1kV"; VariantName = "[No Variations]"
Add component (AddParameter): Name = "Reverse Recovery Time trr Max"; Value = "1.8µs"; VariantName = "[No Variations]"
Add component (AddParameter): Name = "Reverse Recovery Time trr Typ"; Value = "1.8µs"; VariantName = "[No Variations]"
Add component (AddParameter): Name = "SMD Marking"; Value = "1M"; VariantName = "[No Variations]"
Add component (AddParameter): Name = "SVHC"; Value = "NoSVHC(19-Dec-2012)"; VariantName = "[No Variations]"
Add component (AddParameter): Name = "Tape Width"; Value = "12mm"; VariantName = "[No Variations]"
Add component (AddParameter): Name = "Termination Type"; Value = "SMD"; VariantName = "[No Variations]"
Added Component: Designator=DS7_SHDN_SEG6(LED ORANGE 0603)
Add component. Clean all parameters for all variants
Added Component: Designator=K1_SHDN_SEG6(PNSC-DIP4(SMT)_V)
Add component. Clean all parameters for all variants
Add component (AddParameter): Name = "ComponentLink1Description"; Value = "Manufacturer URL"; VariantName = "[No Variations]"
Add component (AddParameter): Name = "ComponentLink1URL"; Value = "http://www3.panasonic.biz/ac/ae/index.jsp"; VariantName = "[No Variations]"
Add component (AddParameter): Name = "ComponentLink2Description"; Value = "Datasheet"; VariantName = "[No Variations]"
Add component (AddParameter): Name = "ComponentLink2URL"; Value = "http://www3.panasonic.biz/ac/e_download/control/relay/photomos/catalog/semi_eng_ge1a_aqy21_e.pdf"; VariantName = "[No Variations]"
Add component (AddParameter): Name = "ComponentLink3Description"; Value = "Package Specification"; VariantName = "[No Variations]"
Add component (AddParameter): Name = "ComponentLink3URL"; Value = "http://www3.panasonic.biz/ac/e_download/control/relay/photomos/catalog/semi_eng_dimensions.pdf?f_cd=401560"; VariantName = "[No Variations]"
Add component (AddParameter): Name = "Continuous Load Current"; Value = "0.55 A"; VariantName = "[No Variations]"
Add component (AddParameter): Name = "DatasheetVersion"; Value = "201404-T"; VariantName = "[No Variations]"
Add component (AddParameter): Name = "Load Voltage"; Value = "60 V"; VariantName = "[No Variations]"
Add component (AddParameter): Name = "Manufacturer"; Value = "Panasonic"; VariantName = "[No Variations]"
Add component (AddParameter): Name = "Mounting Technology"; Value = "Surface Mount"; VariantName = "[No Variations]"
Add component (AddParameter): Name = "On Resistance (Typ)"; Value = "0.85 Ohm"; VariantName = "[No Variations]"
Add component (AddParameter): Name = "PackageDescription"; Value = "4-Pin Surface Mount Terminal Package, Body 4.78 x 6.4 mm, Pitch 2.54mm"; VariantName = "[No Variations]"
Add component (AddParameter): Name = "PackageReference"; Value = "DIP4(SMT)"; VariantName = "[No Variations]"
Add component (AddParameter): Name = "PackageVersion"; Value = "ASCTB67E, 04/2014"; VariantName = "[No Variations]"
Add component (AddParameter): Name = "Packing"; Value = "Tube"; VariantName = "[No Variations]"
Add component (AddParameter): Name = "PartNumber"; Value = "AQY212EHA"; VariantName = "[No Variations]"
Add component (AddParameter): Name = "Pb-Free"; Value = "True"; VariantName = "[No Variations]"
Add component (AddParameter): Name = "RoHS"; Value = "True"; VariantName = "[No Variations]"
Add component (AddParameter): Name = "Series"; Value = "PhotoMOS GE 1 Form A"; VariantName = "[No Variations]"
Added Component: Designator=P2_SHDN_SEG6(HDR1X2)
Add component. Clean all parameters for all variants
Add component (AddParameter): Name = "LatestRevisionDate"; Value = "17-Jul-2002"; VariantName = "[No Variations]"
Add component (AddParameter): Name = "LatestRevisionNote"; Value = "Re-released for DXP Platform."; VariantName = "[No Variations]"
Add component (AddParameter): Name = "Publisher"; Value = "Altium Limited"; VariantName = "[No Variations]"
Added Component: Designator=Q4_SHDN_SEG6(ONSC-SOT-23-3-318-08_V)
Add component. Clean all parameters for all variants
Add component (AddParameter): Name = "Channel Polarity"; Value = "N Channel"; VariantName = "[No Variations]"
Add component (AddParameter): Name = "Ciss Typ (pF)"; Value = "182"; VariantName = "[No Variations]"
Add component (AddParameter): Name = "ComponentLink1Description"; Value = "Manufacturer URL"; VariantName = "[No Variations]"
Add component (AddParameter): Name = "ComponentLink1URL"; Value = "http://www.onsemi.com/"; VariantName = "[No Variations]"
Add component (AddParameter): Name = "ComponentLink2Description"; Value = "Datasheet"; VariantName = "[No Variations]"
Add component (AddParameter): Name = "ComponentLink2URL"; Value = "http://www.onsemi.com/pub_link/Collateral/NVR5198NL-D.PDF"; VariantName = "[No Variations]"
Add component (AddParameter): Name = "ComponentLink3Description"; Value = "Package Specification"; VariantName = "[No Variations]"
Add component (AddParameter): Name = "ComponentLink3URL"; Value = "http://www.onsemi.cn/pub_link/Collateral/318-08.PDF"; VariantName = "[No Variations]"
Add component (AddParameter): Name = "Configuration"; Value = "Single"; VariantName = "[No Variations]"
Add component (AddParameter): Name = "Coss Typ (pF)"; Value = "25"; VariantName = "[No Variations]"
Add component (AddParameter): Name = "Crss Typ (pF)"; Value = "16"; VariantName = "[No Variations]"
Add component (AddParameter): Name = "DatasheetVersion"; Value = "Rev. 1"; VariantName = "[No Variations]"
Add component (AddParameter): Name = "ID Max (A)"; Value = "2.2"; VariantName = "[No Variations]"
Add component (AddParameter): Name = "Manufacturer"; Value = "On Semiconductor"; VariantName = "[No Variations]"
Add component (AddParameter): Name = "Mounting Technology"; Value = "Surface Mount"; VariantName = "[No Variations]"
Add component (AddParameter): Name = "PackageDescription"; Value = "3-Pin Small Outline Transistor, Body 2.92 x 1.3 mm, Pitch 0.95 mm"; VariantName = "[No Variations]"
Add component (AddParameter): Name = "PackageReference"; Value = "SOT-23-3-318-08"; VariantName = "[No Variations]"
Add component (AddParameter): Name = "Package Type"; Value = "SOT-23-3"; VariantName = "[No Variations]"
Add component (AddParameter): Name = "PackageVersion"; Value = "Rev. AP, 11/2009"; VariantName = "[No Variations]"
Add component (AddParameter): Name = "Packing"; Value = "Tape and Reel"; VariantName = "[No Variations]"
Add component (AddParameter): Name = "PartNumber"; Value = "NVR5198NLT1G"; VariantName = "[No Variations]"
Add component (AddParameter): Name = "Qrr Typ (nC)"; Value = "6"; VariantName = "[No Variations]"
Add component (AddParameter): Name = "RoHS"; Value = "Pb-Free"; VariantName = "[No Variations]"
Add component (AddParameter): Name = "V(BR)DSS Min (V)"; Value = "60"; VariantName = "[No Variations]"
Add component (AddParameter): Name = "VGS(th) Max (V)"; Value = "2.5"; VariantName = "[No Variations]"
Add component (AddParameter): Name = "VGS Max (V)"; Value = "20"; VariantName = "[No Variations]"
Added Component: Designator=R32_SHDN_SEG6(RESC0603(1608)_M)
Add component. Clean all parameters for all variants
Add component (AddParameter): Name = "Case-EIA"; Value = "0603"; VariantName = "[No Variations]"
Add component (AddParameter): Name = "Case-Metric"; Value = "1608"; VariantName = "[No Variations]"
Add component (AddParameter): Name = "Power"; Value = "0.1 W"; VariantName = "[No Variations]"
Add component (AddParameter): Name = "Technology"; Value = "SMT"; VariantName = "[No Variations]"
Add component (AddParameter): Name = "Tolerance"; Value = "5 %"; VariantName = "[No Variations]"
Add component (AddParameter): Name = "Value"; Value = "2700.00 Ohm"; VariantName = "[No Variations]"
Added Component: Designator=R33_SHDN_SEG6(RESC0603(1608)_L)
Add component. Clean all parameters for all variants
Add component (AddParameter): Name = "Case-EIA"; Value = "0603"; VariantName = "[No Variations]"
Add component (AddParameter): Name = "Case-Metric"; Value = "1608"; VariantName = "[No Variations]"
Add component (AddParameter): Name = "Power"; Value = "0.1 W"; VariantName = "[No Variations]"
Add component (AddParameter): Name = "Technology"; Value = "SMT"; VariantName = "[No Variations]"
Add component (AddParameter): Name = "Tolerance"; Value = "5 %"; VariantName = "[No Variations]"
Add component (AddParameter): Name = "Value"; Value = "1000.00 Ohm"; VariantName = "[No Variations]"
Added Component: Designator=TP22_SHDN_SEG6(TestPointSMD)
Add component. Clean all parameters for all variants
Added Pin To Net: NetName=GND Pin=D11_SHDN_SEG6-1
Added Pin To Net: NetName=GND Pin=DS7_SHDN_SEG6-2
Added Pin To Net: NetName=STATE_TRIGGER Pin=K1_SHDN_SEG6-4
Added Pin To Net: NetName=STATE_TRIGGER5 Pin=P3-15
Added Pin To Net: NetName=SHDN_SEG_LATCH Pin=Q4_SHDN_SEG6-1
Added Pin To Net: NetName=GND Pin=Q4_SHDN_SEG6-2
Added Pin To Net: NetName=+5 Pin=R32_SHDN_SEG6-1
Added Pin To Net: NetName=LED_SHDN_SEG6 Pin=DS7_SHDN_SEG6-1
Added Pin To Net: NetName=LED_SHDN_SEG6 Pin=R33_SHDN_SEG6-1
Added Net: Name=LED_SHDN_SEG6
Added Pin To Net: NetName=SHDN_BRAKE_OVERTRAVEL Pin=J1-B11
Added Pin To Net: NetName=SHDN_BRAKE_OVERTRAVEL Pin=P4-4
Added Net: Name=SHDN_BRAKE_OVERTRAVEL
Added Pin To Net: NetName=SHDN_DASH_INERTIA Pin=J1-B10
Added Pin To Net: NetName=SHDN_DASH_INERTIA Pin=P4-5
Added Net: Name=SHDN_DASH_INERTIA
Added Pin To Net: NetName=SHDN_ESTOP_DASH Pin=J1-B9
Added Pin To Net: NetName=SHDN_ESTOP_DASH Pin=P4-6
Added Net: Name=SHDN_ESTOP_DASH
Added Pin To Net: NetName=SHDN_ESTOP_LEFT Pin=J1-B7
Added Pin To Net: NetName=SHDN_ESTOP_LEFT Pin=P4-8
Added Net: Name=SHDN_ESTOP_LEFT
Added Pin To Net: NetName=SHDN_ESTOP_RIGHT Pin=J1-B8
Added Pin To Net: NetName=SHDN_ESTOP_RIGHT Pin=P4-7
Added Net: Name=SHDN_ESTOP_RIGHT
Added Pin To Net: NetName=SHDN_IN6 Pin=J2_SHDN_SEG5-5
Added Pin To Net: NetName=SHDN_IN6 Pin=P2_SHDN_SEG5-2
Added Pin To Net: NetName=SHDN_IN6 Pin=P2_SHDN_SEG6-1
Added Net: Name=SHDN_IN6
Added Net: Name=SHDN_LINE_SHDN_SEG6
Added Pin To Net: NetName=SHDN_OUT6 Pin=J1-B2
Added Pin To Net: NetName=SHDN_OUT6 Pin=P2_SHDN_SEG6-2
Added Net: Name=SHDN_OUT6
Added Net: Name=SHDN_STATE_SHDN_SEG6
Added Pin To Net: NetName=SHDN_UPRIGHT_BL Pin=J1-B5
Added Pin To Net: NetName=SHDN_UPRIGHT_BL Pin=P4-10
Added Net: Name=SHDN_UPRIGHT_BL
Added Pin To Net: NetName=SHDN_UPRIGHT_BR Pin=J1-B6
Added Pin To Net: NetName=SHDN_UPRIGHT_BR Pin=P4-9
Added Net: Name=SHDN_UPRIGHT_BR
Added Pin To Net: NetName=SHDN_UPRIGHT_FL Pin=J1-B3
Added Pin To Net: NetName=SHDN_UPRIGHT_FL Pin=P4-12
Added Net: Name=SHDN_UPRIGHT_FL
Added Pin To Net: NetName=SHDN_UPRIGHT_FR Pin=J1-B4
Added Pin To Net: NetName=SHDN_UPRIGHT_FR Pin=P4-11
Added Net: Name=SHDN_UPRIGHT_FR
Added Pin To Net: NetName=SHUTDOWN_RESET Pin=J1-A5
Added Pin To Net: NetName=SHUTDOWN_RESET Pin=R30-1
Added Net: Name=SHUTDOWN_RESET
Added Pin To Net: NetName=SSR_GND_SHDN_SEG6 Pin=K1_SHDN_SEG6-2
Added Pin To Net: NetName=SSR_GND_SHDN_SEG6 Pin=Q4_SHDN_SEG6-3
Added Net: Name=SSR_GND_SHDN_SEG6
Added Pin To Net: NetName=SSR_PWR_SHDN_SEG6 Pin=K1_SHDN_SEG6-1
Added Pin To Net: NetName=SSR_PWR_SHDN_SEG6 Pin=R32_SHDN_SEG6-2
Added Net: Name=SSR_PWR_SHDN_SEG6
Added Pin To Net: NetName=STATE_SENSE6 Pin=D11_SHDN_SEG6-2
Added Pin To Net: NetName=STATE_SENSE6 Pin=K1_SHDN_SEG6-3
Added Pin To Net: NetName=STATE_SENSE6 Pin=P3-10
Added Pin To Net: NetName=STATE_SENSE6 Pin=R33_SHDN_SEG6-2
Added Pin To Net: NetName=STATE_SENSE6 Pin=TP22_SHDN_SEG6-1
Added Net: Name=STATE_SENSE6
Added Pin To Net: NetName=STATE_TRIGGER1 Pin=J1-A7
Added Pin To Net: NetName=STATE_TRIGGER1 Pin=P3-11
Added Net: Name=STATE_TRIGGER1
Added Pin To Net: NetName=STATE_TRIGGER2 Pin=J1-A8
Added Pin To Net: NetName=STATE_TRIGGER2 Pin=P3-12
Added Net: Name=STATE_TRIGGER2
Added Pin To Net: NetName=STATE_TRIGGER3 Pin=J1-A9
Added Pin To Net: NetName=STATE_TRIGGER3 Pin=P3-13
Added Net: Name=STATE_TRIGGER3
Added Pin To Net: NetName=STATE_TRIGGER4 Pin=J1-A10
Added Pin To Net: NetName=STATE_TRIGGER4 Pin=P3-14
Added Net: Name=STATE_TRIGGER4
Added Pin To Net: NetName=STATE_TRIGGER6 Pin=P3-16
Added Net: Name=STATE_TRIGGER6
Change Class Name : Old Net Name=SHDN_IN[1..5] New Net Name=SHDN_IN[1..6]
Change Class Name : Old Net Name=SHDN_OUT[1..5] New Net Name=SHDN_OUT[1..6]
Change Class Name : Old Net Name=STATE_SENSE[1..5] New Net Name=STATE_SENSE[1..6]
Change Class Name : Old Net Name=STATE_TRIGGER[1..5] New Net Name=STATE_TRIGGER[1..6]
Added Class: Name=SHDN_SEG6
Added Member To Class: ClassName=PWR Member=Component C12 CAP 100nF 50V 0603(1608)
Added Member To Class: ClassName=PWR Member=Component C13 CAP 10uF 50V 1206(3216)
Added Member To Class: ClassName=SHDN_LOOP Member=Component C14 CAP 10uF 50V 1206(3216)
Added Member To Class: ClassName=SHDN_LOOP Member=Component C15 CAP 100nF 50V
Added Member To Class: ClassName=PWR Member=Component D5 MM3Z10VT1G
Added Member To Class: ClassName=PWR Member=Component D6 ESD5Z5.0T1G
Added Member To Class: ClassName=PWR Member=Component D7 SMAJ18CA-E3/61
Added Member To Class: ClassName=PWR Member=Component D8 SMAJ18CA-E3/61
Added Member To Class: ClassName=SHDN_LOOP Member=Component D9 BZT52C5V1-7-F
Added Member To Class: ClassName=PWR Member=Component DS6 LED Green 0603
Added Member To Class: ClassName=SHDN_LOOP Member=Component P1 Header 2
Added Member To Class: ClassName=Master Member=Component P3 Header 16
Added Member To Class: ClassName=PWR Member=Component Q3 STD35P6LLF6
Added Member To Class: ClassName=BSPD_System Member=Component R12 DNP
Added Member To Class: ClassName=BSPD_System Member=Component R14 4K7 5% 0603(1608)
Added Member To Class: ClassName=BSPD_System Member=Component R15 DNP
Added Member To Class: ClassName=BSPD_System Member=Component R17 DNP
Added Member To Class: ClassName=BSPD_System Member=Component R18 DNP
Added Member To Class: ClassName=BSPD_System Member=Component R20 DNP
Added Member To Class: ClassName=BSPD_System Member=Component R22 1K 5% 0603(1608)
Added Member To Class: ClassName=BSPD_System Member=Component R23 1K 5% 0603(1608)
Added Member To Class: ClassName=BSPD_System Member=Component R25 1K 5% 0603(1608)
Added Member To Class: ClassName=BSPD_System Member=Component R26 1K 5% 0603(1608)
Added Member To Class: ClassName=BSPD_System Member=Component R27 DNP
Added Member To Class: ClassName=PWR Member=Component R28 1K 5% 0603(1608)
Added Member To Class: ClassName=PWR Member=Component R29 100K 5% 0603(1608)
Added Member To Class: ClassName=SHDN_LOOP Member=Component R30 10K 5% 0603(1608)
Added Member To Class: ClassName=SHDN_LOOP Member=Component R31 4K7 5% 0603(1608)
Added Member To Class: ClassName=BSPD_System Member=Component TP6 TestPoint_SMD
Added Member To Class: ClassName=BSPD_System Member=Component TP8 TestPoint_SMD
Added Member To Class: ClassName=BSPD_System Member=Component TP9 TestPoint_SMD
Added Member To Class: ClassName=BSPD_System Member=Component TP11 TestPoint_SMD
Added Member To Class: ClassName=BSPD_System Member=Component TP13 TestPoint_SMD
Added Member To Class: ClassName=BSPD_System Member=Component TP14 TestPoint_SMD
Added Member To Class: ClassName=BSPD_System Member=Component TP16 TestPoint_SMD
Added Member To Class: ClassName=PWR Member=Component TP17 TestPoint_SMD
Added Member To Class: ClassName=PWR Member=Component TP18 TestPoint_SMD
Added Member To Class: ClassName=SHDN_LOOP Member=Component TP19 TestPoint_SMD
Added Member To Class: ClassName=SHDN_LOOP Member=Component TP20 TestPoint_SMD
Added Member To Class: ClassName=SHDN_LOOP Member=Component TP21 TestPoint_SMD
Added Member To Class: ClassName=BSPD_System Member=Component U11 SN74AHC1G08DBVR
Added Member To Class: ClassName=PWR Member=Component U12 L78M05CDT
Added Member To Class: ClassName=SHDN_LOOP Member=Component U13 SN74AHC1G02DBVR
Added Member To Class: ClassName=SHDN_LOOP Member=Component U14 SN74AHC1G02DBVR
Added Member To Class: ClassName=SHDN_IN[1..6] Member=Element[6]: SHDN_IN
Added Member To Class: ClassName=SHDN_OUT[1..6] Member=Element[6]: SHDN_OUT
Added Member To Class: ClassName=STATE_SENSE[1..6] Member=Element[6]: STATE_SENSE
Added Member To Class: ClassName=STATE_TRIGGER[1..6] Member=Element[1]: HVD_IN
Added Member To Class: ClassName=STATE_TRIGGER[1..6] Member=Element[2]: IMD_IN
Added Member To Class: ClassName=STATE_TRIGGER[1..6] Member=Element[3]: BMS_IN
Added Member To Class: ClassName=STATE_TRIGGER[1..6] Member=Element[4]: PDOC_IN
Added Member To Class: ClassName=STATE_TRIGGER[1..6] Member=Element[6]: STATE_TRIGGER
Change Room Name: Old Name=SHDN_INPUT_PROTECTION15 New Name=SHDN_SEG6
Change Room Scope: Old Scope=InComponentClass('SHDN_INPUT_PROTECTION15') New Scope=InComponentClass('SHDN_SEG6')
Change Room Name: Old Name=SHDN_INPUT_PROTECTION16 New Name=Master
Change Room Scope: Old Scope=InComponentClass('SHDN_INPUT_PROTECTION16') New Scope=InComponentClass('Master')
