Removed Pin From Net: NetName=GND Pin=C12-1
Removed Pin From Net: NetName=GND Pin=C13-1
Removed Pin From Net: NetName=+5 Pin=C13-2
Removed Pin From Net: NetName=GND Pin=C14-1
Removed Pin From Net: NetName=+5 Pin=C14-2
Removed Pin From Net: NetName=GND Pin=C15-1
Removed Pin From Net: NetName=GND Pin=C16-1
Removed Pin From Net: NetName=+5 Pin=C17-1
Removed Pin From Net: NetName=GND Pin=C17-2
Removed Pin From Net: NetName=GND Pin=C18-1
Removed Pin From Net: NetName=+5 Pin=C18-2
Removed Pin From Net: NetName=+5 Pin=C19-1
Removed Pin From Net: NetName=GND Pin=C19-2
Removed Pin From Net: NetName=GND Pin=C20-2
Removed Pin From Net: NetName=GND Pin=C21-2
Removed Pin From Net: NetName=GND Pin=C22-1
Removed Pin From Net: NetName=GND Pin=C23-1
Removed Pin From Net: NetName=CAN_N Pin=D5-1
Removed Pin From Net: NetName=CAN_P Pin=D5-2
Removed Pin From Net: NetName=GND Pin=D5-3
Removed Pin From Net: NetName=GND Pin=D6-1
Removed Pin From Net: NetName=GND Pin=D7-1
Removed Pin From Net: NetName=GND Pin=D8-1
Removed Pin From Net: NetName=GND Pin=D9-1
Removed Pin From Net: NetName=GND Pin=D10-1
Removed Pin From Net: NetName=GND Pin=D11-1
Removed Pin From Net: NetName=GND Pin=D12-1
Removed Pin From Net: NetName=GND Pin=D13-1
Removed Pin From Net: NetName=GND Pin=D14-1
Removed Pin From Net: NetName=GND Pin=D15-1
Removed Pin From Net: NetName=GND Pin=D16-1
Removed Pin From Net: NetName=GND Pin=D17-1
Removed Pin From Net: NetName=GND Pin=D18-1
Removed Pin From Net: NetName=GND Pin=D19-1
Removed Pin From Net: NetName=GND Pin=D20-1
Removed Pin From Net: NetName=GND Pin=D21-1
Removed Pin From Net: NetName=GND Pin=D22-1
Removed Pin From Net: NetName=GND Pin=D23-1
Removed Pin From Net: NetName=GND Pin=D24-1
Removed Pin From Net: NetName=GND Pin=D25-1
Removed Pin From Net: NetName=GND Pin=D26-1
Removed Pin From Net: NetName=GND Pin=D27-1
Removed Pin From Net: NetName=GND Pin=DS8-2
Removed Pin From Net: NetName=GND Pin=DS9-2
Removed Pin From Net: NetName=+5 Pin=L1-2
Removed Pin From Net: NetName=GND Pin=P1-1
Removed Pin From Net: NetName=+5 Pin=P2-2
Removed Pin From Net: NetName=GND Pin=P2-6
Removed Pin From Net: NetName=CAN_P Pin=R27-2
Removed Pin From Net: NetName=CAN_N Pin=R29-1
Removed Pin From Net: NetName=+5 Pin=R30-2
Removed Pin From Net: NetName=+5 Pin=R31-2
Removed Pin From Net: NetName=SIGNAL_IN2 Pin=R32-1
Removed Pin From Net: NetName=SIGNAL_IN3 Pin=R33-1
Removed Pin From Net: NetName=SIGNAL_IN4 Pin=R34-1
Removed Pin From Net: NetName=SIGNAL_IN5 Pin=R35-1
Removed Pin From Net: NetName=STATE_TRIGGER5 Pin=R36-1
Removed Pin From Net: NetName=STATE_SENSE1 Pin=R37-1
Removed Pin From Net: NetName=STATE_SENSE2 Pin=R38-1
Removed Pin From Net: NetName=STATE_SENSE3 Pin=R39-1
Removed Pin From Net: NetName=STATE_SENSE4 Pin=R40-1
Removed Pin From Net: NetName=STATE_SENSE5 Pin=R41-1
Removed Pin From Net: NetName=BRK_PRS_IN Pin=R42-1
Removed Pin From Net: NetName=LEM_IN Pin=R43-1
Removed Pin From Net: NetName=SHDN_BSPD_TEST_COMMAND Pin=R44-1
Removed Pin From Net: NetName=SIGNAL_IN12 Pin=R45-1
Removed Pin From Net: NetName=SIGNAL_IN11 Pin=R46-1
Removed Pin From Net: NetName=SIGNAL_IN14 Pin=R47-1
Removed Pin From Net: NetName=SIGNAL_IN13 Pin=R48-1
Removed Pin From Net: NetName=SIGNAL_IN10 Pin=R49-1
Removed Pin From Net: NetName=SIGNAL_IN9 Pin=R50-1
Removed Pin From Net: NetName=SIGNAL_IN8 Pin=R51-1
Removed Pin From Net: NetName=SIGNAL_IN7 Pin=R52-1
Removed Pin From Net: NetName=SIGNAL_IN6 Pin=R53-1
Removed Pin From Net: NetName=+5 Pin=R58-2
Removed Pin From Net: NetName=GND Pin=SW2-1
Removed Pin From Net: NetName=CAN_P Pin=TP16-1
Removed Pin From Net: NetName=CAN_N Pin=TP18-1
Removed Pin From Net: NetName=BRK_PRS_IN Pin=U6-5
Removed Pin From Net: NetName=BKR_PRS_ADJ_LOW Pin=U6-6
Removed Pin From Net: NetName=BRK_PRS_OP_LOW Pin=U6-7
Removed Pin From Net: NetName=SHDN_BSPD_SIG Pin=U9-1
Removed Pin From Net: NetName=BPSD_VREF Pin=U9-2
Removed Pin From Net: NetName=BPSD_DELAY Pin=U9-3
Removed Pin From Net: NetName=GND Pin=U12-7
Removed Pin From Net: NetName=+5 Pin=U12-14
Removed Pin From Net: NetName=GND Pin=U13-2
Removed Pin From Net: NetName=+5 Pin=U13-3
Removed Pin From Net: NetName=CAN_N Pin=U13-6
Removed Pin From Net: NetName=CAN_P Pin=U13-7
Removed Pin From Net: NetName=GND Pin=U13-8
Removed Pin From Net: NetName=GND Pin=U14-4
Removed Pin From Net: NetName=+5 Pin=U14-8
Removed Pin From Net: NetName=GND Pin=U15-12
Removed Pin From Net: NetName=GND Pin=U15-15
Removed Pin From Net: NetName=+5 Pin=U15-24
Removed Pin From Net: NetName=GND Pin=U16-8
Removed Pin From Net: NetName=GND Pin=U16-13
Removed Pin From Net: NetName=+5 Pin=U16-16
Removed Pin From Net: NetName=GND Pin=U17-12
Removed Pin From Net: NetName=GND Pin=U17-15
Removed Pin From Net: NetName=+5 Pin=U17-24
Removed Pin From Net: NetName=+5 Pin=U18-5
Removed Pin From Net: NetName=GND Pin=U18-6
Removed Pin From Net: NetName=+5 Pin=U18-17
Removed Pin From Net: NetName=GND Pin=U18-18
Removed Pin From Net: NetName=GND Pin=U18-28
Removed Pin From Net: NetName=+5 Pin=U18-38
Removed Pin From Net: NetName=GND Pin=U18-39
Removed Pin From Net: NetName=GND Pin=X1-2
Removed Pin From Net: NetName=GND Pin=X1-4
Removed Pin From Net: NetName=GND Pin=X2-2
Removed Pin From Net: NetName=GND Pin=X2-4
Removed Pin From Net: NetName=GND Pin=Z-10
Removed Member From Class: ClassName=BSPD_System Member=R54
Removed Member From Class: ClassName=BSPD_System Member=TP
Change Component Designator: OldDesignator=C24 NewDesignator=C12
Change Component Designator: OldDesignator=C25 NewDesignator=C13
Change Component Designator: OldDesignator=C26 NewDesignator=C14
Change Component Designator: OldDesignator=C27 NewDesignator=C15
Change Component Designator: OldDesignator=C28_SHDN_INPUT_PROTECTION1 NewDesignator=C16_SHDN_INPUT_PROTECTION1
Change Component Designator: OldDesignator=C28_SHDN_INPUT_PROTECTION2 NewDesignator=C16_SHDN_INPUT_PROTECTION2
Change Component Designator: OldDesignator=C28_SHDN_INPUT_PROTECTION3 NewDesignator=C16_SHDN_INPUT_PROTECTION3
Change Component Designator: OldDesignator=C28_SHDN_INPUT_PROTECTION4 NewDesignator=C16_SHDN_INPUT_PROTECTION4
Change Component Designator: OldDesignator=C28_SHDN_INPUT_PROTECTION5 NewDesignator=C16_SHDN_INPUT_PROTECTION5
Change Component Designator: OldDesignator=C28_SHDN_INPUT_PROTECTION6 NewDesignator=C16_SHDN_INPUT_PROTECTION6
Change Component Designator: OldDesignator=C28_SHDN_INPUT_PROTECTION7 NewDesignator=C16_SHDN_INPUT_PROTECTION7
Change Component Designator: OldDesignator=C28_SHDN_INPUT_PROTECTION8 NewDesignator=C16_SHDN_INPUT_PROTECTION8
Change Component Designator: OldDesignator=C28_SHDN_INPUT_PROTECTION9 NewDesignator=C16_SHDN_INPUT_PROTECTION9
Change Component Designator: OldDesignator=C28_SHDN_INPUT_PROTECTION10 NewDesignator=C16_SHDN_INPUT_PROTECTION10
Change Component Designator: OldDesignator=C28_SHDN_INPUT_PROTECTION11 NewDesignator=C16_SHDN_INPUT_PROTECTION11
Change Component Designator: OldDesignator=C28_SHDN_INPUT_PROTECTION12 NewDesignator=C16_SHDN_INPUT_PROTECTION12
Change Component Designator: OldDesignator=C28_SHDN_INPUT_PROTECTION13 NewDesignator=C16_SHDN_INPUT_PROTECTION13
Change Component Designator: OldDesignator=C28_SHDN_INPUT_PROTECTION14 NewDesignator=C16_SHDN_INPUT_PROTECTION14
Change Component Designator: OldDesignator=C28_SHDN_INPUT_PROTECTION15 NewDesignator=C16_SHDN_INPUT_PROTECTION15
Change Component Designator: OldDesignator=C28_SHDN_INPUT_PROTECTION16 NewDesignator=C16_SHDN_INPUT_PROTECTION16
Change Component Designator: OldDesignator=C28_SHDN_INPUT_PROTECTION17 NewDesignator=C16_SHDN_INPUT_PROTECTION17
Change Component Designator: OldDesignator=C28_SHDN_INPUT_PROTECTION18 NewDesignator=C16_SHDN_INPUT_PROTECTION18
Change Component Designator: OldDesignator=D32 NewDesignator=D5
Change Component Designator: OldDesignator=D33 NewDesignator=D6
Change Component Designator: OldDesignator=D34 NewDesignator=D7
Change Component Designator: OldDesignator=D35 NewDesignator=D8
Change Component Designator: OldDesignator=D36 NewDesignator=D9
Change Component Designator: OldDesignator=D37 NewDesignator=D10
Change Component Designator: OldDesignator=D38_SHDN_SEG1 NewDesignator=D11_SHDN_SEG1
Change Component Designator: OldDesignator=D38_SHDN_SEG2 NewDesignator=D11_SHDN_SEG2
Change Component Designator: OldDesignator=D38_SHDN_SEG3 NewDesignator=D11_SHDN_SEG3
Change Component Designator: OldDesignator=D38_SHDN_SEG4 NewDesignator=D11_SHDN_SEG4
Change Component Designator: OldDesignator=D38_SHDN_SEG5 NewDesignator=D11_SHDN_SEG5
Change Component Designator: OldDesignator=D39_SHDN_INPUT_PROTECTION1 NewDesignator=D12_SHDN_INPUT_PROTECTION1
Change Component Designator: OldDesignator=D39_SHDN_INPUT_PROTECTION2 NewDesignator=D12_SHDN_INPUT_PROTECTION2
Change Component Designator: OldDesignator=D39_SHDN_INPUT_PROTECTION3 NewDesignator=D12_SHDN_INPUT_PROTECTION3
Change Component Designator: OldDesignator=D39_SHDN_INPUT_PROTECTION4 NewDesignator=D12_SHDN_INPUT_PROTECTION4
Change Component Designator: OldDesignator=D39_SHDN_INPUT_PROTECTION5 NewDesignator=D12_SHDN_INPUT_PROTECTION5
Change Component Designator: OldDesignator=D39_SHDN_INPUT_PROTECTION6 NewDesignator=D12_SHDN_INPUT_PROTECTION6
Change Component Designator: OldDesignator=D39_SHDN_INPUT_PROTECTION7 NewDesignator=D12_SHDN_INPUT_PROTECTION7
Change Component Designator: OldDesignator=D39_SHDN_INPUT_PROTECTION8 NewDesignator=D12_SHDN_INPUT_PROTECTION8
Change Component Designator: OldDesignator=D39_SHDN_INPUT_PROTECTION9 NewDesignator=D12_SHDN_INPUT_PROTECTION9
Change Component Designator: OldDesignator=D39_SHDN_INPUT_PROTECTION10 NewDesignator=D12_SHDN_INPUT_PROTECTION10
Change Component Designator: OldDesignator=D39_SHDN_INPUT_PROTECTION11 NewDesignator=D12_SHDN_INPUT_PROTECTION11
Change Component Designator: OldDesignator=D39_SHDN_INPUT_PROTECTION12 NewDesignator=D12_SHDN_INPUT_PROTECTION12
Change Component Designator: OldDesignator=D39_SHDN_INPUT_PROTECTION13 NewDesignator=D12_SHDN_INPUT_PROTECTION13
Change Component Designator: OldDesignator=D39_SHDN_INPUT_PROTECTION14 NewDesignator=D12_SHDN_INPUT_PROTECTION14
Change Component Designator: OldDesignator=D39_SHDN_INPUT_PROTECTION15 NewDesignator=D12_SHDN_INPUT_PROTECTION15
Change Component Designator: OldDesignator=D39_SHDN_INPUT_PROTECTION16 NewDesignator=D12_SHDN_INPUT_PROTECTION16
Change Component Designator: OldDesignator=D39_SHDN_INPUT_PROTECTION17 NewDesignator=D12_SHDN_INPUT_PROTECTION17
Change Component Designator: OldDesignator=D39_SHDN_INPUT_PROTECTION18 NewDesignator=D12_SHDN_INPUT_PROTECTION18
Change Component Designator: OldDesignator=DS10 NewDesignator=DS6
Change Component Designator: OldDesignator=DS11_SHDN_SEG1 NewDesignator=DS7_SHDN_SEG1
Change Component Designator: OldDesignator=DS11_SHDN_SEG2 NewDesignator=DS7_SHDN_SEG2
Change Component Designator: OldDesignator=DS11_SHDN_SEG3 NewDesignator=DS7_SHDN_SEG3
Change Component Designator: OldDesignator=DS11_SHDN_SEG4 NewDesignator=DS7_SHDN_SEG4
Change Component Designator: OldDesignator=DS11_SHDN_SEG5 NewDesignator=DS7_SHDN_SEG5
Change Component Designator: OldDesignator=J1_SHDN_SEG1 NewDesignator=J2_SHDN_SEG1
Change Component Designator: OldDesignator=J1_SHDN_SEG2 NewDesignator=J2_SHDN_SEG2
Change Component Designator: OldDesignator=J1_SHDN_SEG3 NewDesignator=J2_SHDN_SEG3
Change Component Designator: OldDesignator=J1_SHDN_SEG4 NewDesignator=J2_SHDN_SEG4
Change Component Designator: OldDesignator=J1_SHDN_SEG5 NewDesignator=J2_SHDN_SEG5
Change Component Designator: OldDesignator=J NewDesignator=J1
Change Component Designator: OldDesignator=K2_SHDN_SEG1 NewDesignator=K1_SHDN_SEG1
Change Component Designator: OldDesignator=K2_SHDN_SEG2 NewDesignator=K1_SHDN_SEG2
Change Component Designator: OldDesignator=K2_SHDN_SEG3 NewDesignator=K1_SHDN_SEG3
Change Component Designator: OldDesignator=K2_SHDN_SEG4 NewDesignator=K1_SHDN_SEG4
Change Component Designator: OldDesignator=K2_SHDN_SEG5 NewDesignator=K1_SHDN_SEG5
Change Component Designator: OldDesignator=P3 NewDesignator=P1
Change Component Designator: OldDesignator=P4_SHDN_SEG1 NewDesignator=P2_SHDN_SEG1
Change Component Designator: OldDesignator=P4_SHDN_SEG2 NewDesignator=P2_SHDN_SEG2
Change Component Designator: OldDesignator=P4_SHDN_SEG3 NewDesignator=P2_SHDN_SEG3
Change Component Designator: OldDesignator=P4_SHDN_SEG4 NewDesignator=P2_SHDN_SEG4
Change Component Designator: OldDesignator=P4_SHDN_SEG5 NewDesignator=P2_SHDN_SEG5
Change Component Designator: OldDesignator=Q1 NewDesignator=Q3
Change Component Designator: OldDesignator=Q2_SHDN_SEG1 NewDesignator=Q4_SHDN_SEG1
Change Component Designator: OldDesignator=Q2_SHDN_SEG2 NewDesignator=Q4_SHDN_SEG2
Change Component Designator: OldDesignator=Q2_SHDN_SEG3 NewDesignator=Q4_SHDN_SEG3
Change Component Designator: OldDesignator=Q2_SHDN_SEG4 NewDesignator=Q4_SHDN_SEG4
Change Component Designator: OldDesignator=Q2_SHDN_SEG5 NewDesignator=Q4_SHDN_SEG5
Change Component Designator: OldDesignator=Q3 NewDesignator=Q1
Change Component Designator: OldDesignator=Q4 NewDesignator=Q2
Change Component Designator: OldDesignator=R11 NewDesignator=R12
Change Component Designator: OldDesignator=R12 NewDesignator=R11
Change Component Designator: OldDesignator=R14 NewDesignator=R15
Change Component Designator: OldDesignator=R15 NewDesignator=R16
Change Component Designator: OldDesignator=R16 NewDesignator=R17
Change Component Designator: OldDesignator=R17 NewDesignator=R18
Change Component Designator: OldDesignator=R18 NewDesignator=R19
Change Component Designator: OldDesignator=R19 NewDesignator=R20
Change Component Designator: OldDesignator=R20 NewDesignator=R21
Change Component Designator: OldDesignator=R21 NewDesignator=R22
Change Component Designator: OldDesignator=R22 NewDesignator=R23
Change Component Designator: OldDesignator=R23 NewDesignator=R24
Change Component Designator: OldDesignator=R24 NewDesignator=R25
Change Component Designator: OldDesignator=R25 NewDesignator=R26
Change Component Designator: OldDesignator=R26 NewDesignator=R27
Change Component Designator: OldDesignator=R54 NewDesignator=R14
Change Component Designator: OldDesignator=R61 NewDesignator=R28
Change Component Designator: OldDesignator=R62 NewDesignator=R29
Change Component Designator: OldDesignator=R63 NewDesignator=R30
Change Component Designator: OldDesignator=R64 NewDesignator=R31
Change Component Designator: OldDesignator=R65_SHDN_SEG1 NewDesignator=R32_SHDN_SEG1
Change Component Designator: OldDesignator=R65_SHDN_SEG2 NewDesignator=R32_SHDN_SEG2
Change Component Designator: OldDesignator=R65_SHDN_SEG3 NewDesignator=R32_SHDN_SEG3
Change Component Designator: OldDesignator=R65_SHDN_SEG4 NewDesignator=R32_SHDN_SEG4
Change Component Designator: OldDesignator=R65_SHDN_SEG5 NewDesignator=R32_SHDN_SEG5
Change Component Designator: OldDesignator=R66_SHDN_SEG1 NewDesignator=R33_SHDN_SEG1
Change Component Designator: OldDesignator=R66_SHDN_SEG2 NewDesignator=R33_SHDN_SEG2
Change Component Designator: OldDesignator=R66_SHDN_SEG3 NewDesignator=R33_SHDN_SEG3
Change Component Designator: OldDesignator=R66_SHDN_SEG4 NewDesignator=R33_SHDN_SEG4
Change Component Designator: OldDesignator=R66_SHDN_SEG5 NewDesignator=R33_SHDN_SEG5
Change Component Designator: OldDesignator=R67_SHDN_INPUT_PROTECTION1 NewDesignator=R34_SHDN_INPUT_PROTECTION1
Change Component Designator: OldDesignator=R67_SHDN_INPUT_PROTECTION2 NewDesignator=R34_SHDN_INPUT_PROTECTION2
Change Component Designator: OldDesignator=R67_SHDN_INPUT_PROTECTION3 NewDesignator=R34_SHDN_INPUT_PROTECTION3
Change Component Designator: OldDesignator=R67_SHDN_INPUT_PROTECTION4 NewDesignator=R34_SHDN_INPUT_PROTECTION4
Change Component Designator: OldDesignator=R67_SHDN_INPUT_PROTECTION5 NewDesignator=R34_SHDN_INPUT_PROTECTION5
Change Component Designator: OldDesignator=R67_SHDN_INPUT_PROTECTION6 NewDesignator=R34_SHDN_INPUT_PROTECTION6
Change Component Designator: OldDesignator=R67_SHDN_INPUT_PROTECTION7 NewDesignator=R34_SHDN_INPUT_PROTECTION7
Change Component Designator: OldDesignator=R67_SHDN_INPUT_PROTECTION8 NewDesignator=R34_SHDN_INPUT_PROTECTION8
Change Component Designator: OldDesignator=R67_SHDN_INPUT_PROTECTION9 NewDesignator=R34_SHDN_INPUT_PROTECTION9
Change Component Designator: OldDesignator=R67_SHDN_INPUT_PROTECTION10 NewDesignator=R34_SHDN_INPUT_PROTECTION10
Change Component Designator: OldDesignator=R67_SHDN_INPUT_PROTECTION11 NewDesignator=R34_SHDN_INPUT_PROTECTION11
Change Component Designator: OldDesignator=R67_SHDN_INPUT_PROTECTION12 NewDesignator=R34_SHDN_INPUT_PROTECTION12
Change Component Designator: OldDesignator=R67_SHDN_INPUT_PROTECTION13 NewDesignator=R34_SHDN_INPUT_PROTECTION13
Change Component Designator: OldDesignator=R67_SHDN_INPUT_PROTECTION14 NewDesignator=R34_SHDN_INPUT_PROTECTION14
Change Component Designator: OldDesignator=R67_SHDN_INPUT_PROTECTION15 NewDesignator=R34_SHDN_INPUT_PROTECTION15
Change Component Designator: OldDesignator=R67_SHDN_INPUT_PROTECTION16 NewDesignator=R34_SHDN_INPUT_PROTECTION16
Change Component Designator: OldDesignator=R67_SHDN_INPUT_PROTECTION17 NewDesignator=R34_SHDN_INPUT_PROTECTION17
Change Component Designator: OldDesignator=R67_SHDN_INPUT_PROTECTION18 NewDesignator=R34_SHDN_INPUT_PROTECTION18
Change Component Designator: OldDesignator=TP6 NewDesignator=TP7
Change Component Designator: OldDesignator=TP7 NewDesignator=TP8
Change Component Designator: OldDesignator=TP8 NewDesignator=TP9
Change Component Designator: OldDesignator=TP9 NewDesignator=TP10
Change Component Designator: OldDesignator=TP10 NewDesignator=TP11
Change Component Designator: OldDesignator=TP11 NewDesignator=TP12
Change Component Designator: OldDesignator=TP12 NewDesignator=TP13
Change Component Designator: OldDesignator=TP13 NewDesignator=TP14
Change Component Designator: OldDesignator=TP14 NewDesignator=TP15
Change Component Designator: OldDesignator=TP15 NewDesignator=TP16
Change Component Designator: OldDesignator=TP28 NewDesignator=TP17
Change Component Designator: OldDesignator=TP29 NewDesignator=TP18
Change Component Designator: OldDesignator=TP30 NewDesignator=TP19
Change Component Designator: OldDesignator=TP31 NewDesignator=TP20
Change Component Designator: OldDesignator=TP32 NewDesignator=TP21
Change Component Designator: OldDesignator=TP33_SHDN_SEG1 NewDesignator=TP22_SHDN_SEG1
Change Component Designator: OldDesignator=TP33_SHDN_SEG2 NewDesignator=TP22_SHDN_SEG2
Change Component Designator: OldDesignator=TP33_SHDN_SEG3 NewDesignator=TP22_SHDN_SEG3
Change Component Designator: OldDesignator=TP33_SHDN_SEG4 NewDesignator=TP22_SHDN_SEG4
Change Component Designator: OldDesignator=TP33_SHDN_SEG5 NewDesignator=TP22_SHDN_SEG5
Change Component Designator: OldDesignator=TP NewDesignator=TP6
Change Component Designator: OldDesignator=U10 NewDesignator=U11
Change Component Designator: OldDesignator=U11 NewDesignator=U10
Change Component Designator: OldDesignator=U19 NewDesignator=U12
Change Component Designator: OldDesignator=U20 NewDesignator=U13
Change Component Designator: OldDesignator=U21 NewDesignator=U14
Added Component: Designator=P3(HDR1X14)
Add component. Clean all parameters for all variants
Add component (AddParameter): Name = "LatestRevisionDate"; Value = "17-Jul-2002"; VariantName = "[No Variations]"
Add component (AddParameter): Name = "LatestRevisionNote"; Value = "Re-released for DXP Platform."; VariantName = "[No Variations]"
Add component (AddParameter): Name = "Publisher"; Value = "Altium Limited"; VariantName = "[No Variations]"
Added Component: Designator=P4(HDR1X14)
Add component. Clean all parameters for all variants
Add component (AddParameter): Name = "LatestRevisionDate"; Value = "17-Jul-2002"; VariantName = "[No Variations]"
Add component (AddParameter): Name = "LatestRevisionNote"; Value = "Re-released for DXP Platform."; VariantName = "[No Variations]"
Add component (AddParameter): Name = "Publisher"; Value = "Altium Limited"; VariantName = "[No Variations]"
Added Pin To Net: NetName=+5 Pin=P3-1
Added Pin To Net: NetName=GND Pin=P3-2
Added Pin To Net: NetName=CAN_P Pin=P3-3
Added Pin To Net: NetName=CAN_N Pin=P3-4
Added Pin To Net: NetName=STATE_SENSE1 Pin=P3-5
Added Pin To Net: NetName=STATE_SENSE2 Pin=P3-6
Added Pin To Net: NetName=STATE_SENSE3 Pin=P3-7
Added Pin To Net: NetName=STATE_SENSE4 Pin=P3-8
Added Pin To Net: NetName=STATE_SENSE5 Pin=P3-9
Added Pin To Net: NetName=SIGNAL_IN2 Pin=P3-10
Added Pin To Net: NetName=SIGNAL_IN3 Pin=P3-11
Added Pin To Net: NetName=SIGNAL_IN4 Pin=P3-12
Added Pin To Net: NetName=SIGNAL_IN5 Pin=P3-13
Added Pin To Net: NetName=STATE_TRIGGER5 Pin=P3-14
Added Pin To Net: NetName=SHDN_BSPD_TEST_COMMAND Pin=P4-1
Added Pin To Net: NetName=BRK_PRS_IN Pin=P4-2
Added Pin To Net: NetName=LEM_IN Pin=P4-3
Added Pin To Net: NetName=SIGNAL_IN6 Pin=P4-4
Added Pin To Net: NetName=SIGNAL_IN7 Pin=P4-5
Added Pin To Net: NetName=SIGNAL_IN8 Pin=P4-6
Added Pin To Net: NetName=SIGNAL_IN9 Pin=P4-7
Added Pin To Net: NetName=SIGNAL_IN10 Pin=P4-8
Added Pin To Net: NetName=SIGNAL_IN11 Pin=P4-9
Added Pin To Net: NetName=SIGNAL_IN12 Pin=P4-10
Added Pin To Net: NetName=SIGNAL_IN13 Pin=P4-11
Added Pin To Net: NetName=SIGNAL_IN14 Pin=P4-12
Added Pin To Net: NetName=BPSD_DELAY Pin=U6-5
Added Pin To Net: NetName=BPSD_VREF Pin=U6-6
Added Pin To Net: NetName=SHDN_BSPD_SIG Pin=U6-7
Added Pin To Net: NetName=BRK_PRS_OP_LOW Pin=U9-1
Added Pin To Net: NetName=BKR_PRS_ADJ_LOW Pin=U9-2
Added Pin To Net: NetName=BRK_PRS_IN Pin=U9-3
Change Net Name : Old Net Name=NetC26_1 New Net Name=NetC14_1
Change Net Name : Old Net Name=NetC26_2 New Net Name=NetC14_2
Change Net Name : Old Net Name=NetP3_2 New Net Name=NetP1_2
Added Class: Name=Master
Added Member To Class: ClassName=BSPD_System Member=Component R27 DNP
Added Member To Class: ClassName=BSPD_System Member=Component TP16 TestPoint_SMD
Added Room: Name=Master
