Removed Pin From Net: NetName=BRK_PRS_OP_HIGH Pin=U6-1
Removed Pin From Net: NetName=BRK_PRS_IN Pin=U6-2
Removed Pin From Net: NetName=BKR_PRS_ADJ_HIGH Pin=U6-3
Removed Pin From Net: NetName=BPSD_DELAY Pin=U6-5
Removed Pin From Net: NetName=BPSD_VREF Pin=U6-6
Removed Pin From Net: NetName=SHDN_BSPD_SIG Pin=U6-7
Added Component: Designator=U9(D0008A_N)
Add component. Clean all parameters for all variants
Add component (AddParameter): Name = "Code_IPC"; Value = "SOIC127P600-8"; VariantName = "[No Variations]"
Add component (AddParameter): Name = "Code_JEDEC"; Value = "MS-012-AA"; VariantName = "[No Variations]"
Add component (AddParameter): Name = "Code_JEITA"; Value = ""; VariantName = "[No Variations]"
Add component (AddParameter): Name = "ComponentLink1Description"; Value = "Datasheet URL"; VariantName = "[No Variations]"
Add component (AddParameter): Name = "ComponentLink1URL"; Value = "http://www.ti.com/general/docs/lit/getliterature.tsp?genericPartNumber=LM358-N&fileType=pdf"; VariantName = "[No Variations]"
Add component (AddParameter): Name = "CompType"; Value = "Amplifiers"; VariantName = "[No Variations]"
Add component (AddParameter): Name = "High-Reliability"; Value = ""; VariantName = "[No Variations]"
Add component (AddParameter): Name = "Manufacturer"; Value = "Texas Instruments"; VariantName = "[No Variations]"
Add component (AddParameter): Name = "PackageDescription"; Value = "SOIC Narrow, 4.9 x 3.9 x 1.45mm, 8 Lead, 1.27mm Pitch"; VariantName = "[No Variations]"
Add component (AddParameter): Name = "Package Reference"; Value = "D0008A"; VariantName = "[No Variations]"
Add component (AddParameter): Name = "PackageTopMarking"; Value = "NSZXTT*LM*358AM"; VariantName = "[No Variations]"
Add component (AddParameter): Name = "PartNumber"; Value = ""; VariantName = "[No Variations]"
Add component (AddParameter): Name = "PinCount"; Value = "8"; VariantName = "[No Variations]"
Add component (AddParameter): Name = "PowerWise"; Value = "N"; VariantName = "[No Variations]"
Add component (AddParameter): Name = "RoHS"; Value = "N"; VariantName = "[No Variations]"
Added Pin To Net: NetName=SHDN_BSPD_SIG Pin=U6-1
Added Pin To Net: NetName=BPSD_VREF Pin=U6-2
Added Pin To Net: NetName=BPSD_DELAY Pin=U6-3
Added Pin To Net: NetName=GND Pin=U9-4
Added Pin To Net: NetName=BKR_PRS_ADJ_HIGH Pin=U9-5
Added Pin To Net: NetName=BRK_PRS_IN Pin=U9-6
Added Pin To Net: NetName=BRK_PRS_OP_HIGH Pin=U9-7
Added Pin To Net: NetName=+5 Pin=U9-8
Added Member To Class: ClassName=BSPD_System Member=Component U9 LM358AM
