Removed Pin From Net: NetName=GND Pin=J1-A2
Removed Pin From Net: NetName=CAN_P Pin=J1-A3
Removed Pin From Net: NetName=CAN_N Pin=J1-A4
Removed Pin From Net: NetName=SHUTDOWN_RESET Pin=J1-A5
Removed Pin From Net: NetName=SHDN_BPSD_TEST Pin=J1-A6
Removed Pin From Net: NetName=STATE_TRIGGER1 Pin=J1-A7
Removed Pin From Net: NetName=STATE_TRIGGER2 Pin=J1-A8
Removed Pin From Net: NetName=STATE_TRIGGER3 Pin=J1-A9
Removed Pin From Net: NetName=BRK_PRS_IN_RAW Pin=J1-A11
Removed Pin From Net: NetName=SHDN_OUT6 Pin=J1-B2
Removed Pin From Net: NetName=SHDN_UPRIGHT_FL Pin=J1-B3
Removed Pin From Net: NetName=SHDN_UPRIGHT_FR Pin=J1-B4
Removed Pin From Net: NetName=SHDN_UPRIGHT_BL Pin=J1-B5
Removed Pin From Net: NetName=SHDN_UPRIGHT_BR Pin=J1-B6
Removed Pin From Net: NetName=SHDN_ESTOP_LEFT Pin=J1-B7
Removed Pin From Net: NetName=SHDN_ESTOP_RIGHT Pin=J1-B8
Removed Pin From Net: NetName=SHDN_ESTOP_DASH Pin=J1-B9
Removed Pin From Net: NetName=SHDN_DASH_INERTIA Pin=J1-B10
Removed Pin From Net: NetName=SHDN_BRAKE_OVERTRAVEL Pin=J1-B11
Added Pin To Net: NetName=CAN_P Pin=J1-A2
Added Pin To Net: NetName=STATE_TRIGGER1 Pin=J1-A3
Added Pin To Net: NetName=STATE_TRIGGER3 Pin=J1-A4
Added Pin To Net: NetName=STATE_TRIGGER6 Pin=J1-A5
Added Pin To Net: NetName=BRK_PRS_IN_RAW Pin=J1-A6
Added Pin To Net: NetName=GND Pin=J1-A7
Added Pin To Net: NetName=CAN_N Pin=J1-A8
Added Pin To Net: NetName=STATE_TRIGGER2 Pin=J1-A9
Added Pin To Net: NetName=SHDN_BPSD_TEST Pin=J1-A11
Added Pin To Net: NetName=SHDN_UPRIGHT_FL Pin=J1-B2
Added Pin To Net: NetName=SHDN_UPRIGHT_FR Pin=J1-B3
Added Pin To Net: NetName=SHDN_UPRIGHT_BL Pin=J1-B4
Added Pin To Net: NetName=SHDN_UPRIGHT_BR Pin=J1-B5
Added Pin To Net: NetName=SHDN_BRAKE_OVERTRAVEL Pin=J1-B6
Added Pin To Net: NetName=SHDN_OUT6 Pin=J1-B7
Added Pin To Net: NetName=SHUTDOWN_RESET Pin=J1-B8
Added Pin To Net: NetName=SHDN_ESTOP_LEFT Pin=J1-B9
Added Pin To Net: NetName=SHDN_ESTOP_RIGHT Pin=J1-B10
Added Pin To Net: NetName=SHDN_ESTOP_DASH Pin=J1-B11
Added Pin To Net: NetName=SHDN_DASH_INERTIA Pin=J1-B12
Added Member To Class: ClassName=BSPD_System Member=Component U9 LM358AM
