Change Component Designator: Old Designator=C? New Designator=C21
Change Component Designator: Old Designator=K? New Designator=K1
Change Component Designator: Old Designator=K? New Designator=K2
Change Component Designator: Old Designator=K? New Designator=K3
Change Component Designator: Old Designator=K? New Designator=K4
Change Component Designator: Old Designator=K? New Designator=K5
Change Component Designator: Old Designator=K? New Designator=K6
Change Component Designator: Old Designator=P? New Designator=P5
Change Component Designator: Old Designator=P? New Designator=P6
Change Component Designator: Old Designator=P? New Designator=P7
Change Component Designator: Old Designator=P? New Designator=P8
Change Component Designator: Old Designator=P? New Designator=P9
Change Component Designator: Old Designator=P? New Designator=P10
Change Component Designator: Old Designator=Q? New Designator=Q11
Change Component Designator: Old Designator=Q? New Designator=Q12
Change Component Designator: Old Designator=R? New Designator=R51
Change Component Designator: Old Designator=R? New Designator=R52
Change Component Designator: Old Designator=U? New Designator=U7
Change Component Designator: Old Designator=U? New Designator=U9
Change Component Designator: Old Designator=U? New Designator=U7
Change Component Designator: Old Designator=U? New Designator=U9
Change Component Designator: Old Designator=U? New Designator=U10
Change Component Designator: Old Designator=U? New Designator=U11
Change Component Designator: Old Designator=U? New Designator=U12
Change Component Designator: Old Designator=U? New Designator=U13
Change Component Designator: Old Designator=U? New Designator=U14
Change Component Designator: Old Designator=U? New Designator=U15
